#
# A fatal error has been detected by the Java Runtime Environment:
#
#  EXCEPTION_ACCESS_VIOLATION (0xc0000005) at pc=0x0000000068e0a910, pid=3568, tid=0x0000000000001588
#
# JRE version: Java(TM) SE Runtime Environment (8.0_202-b08) (build 1.8.0_202-b08)
# Java VM: Java HotSpot(TM) 64-Bit Server VM (25.202-b08 mixed mode windows-amd64 compressed oops)
# Problematic frame:
# V  [jvm.dll+0x46a910]
#
# Failed to write core dump. Minidumps are not enabled by default on client versions of Windows
#
# If you would like to submit a bug report, please visit:
#   http://bugreport.java.com/bugreport/crash.jsp
#

---------------  T H R E A D  ---------------

Current thread (0x000000001d73c800):  JavaThread "C2 CompilerThread1" daemon [_thread_in_native, id=5512, stack(0x000000001e190000,0x000000001e290000)]

siginfo: ExceptionCode=0xc0000005, reading address 0x000000002906a108

Registers:
RAX=0x000000002906a088, RBX=0x0000000000000004, RCX=0x000000001d7c7b80, RDX=0x0000000000000000
RSP=0x000000001e28c230, RBP=0x00000000000003c6, RSI=0x0000000000000020, RDI=0x000000001d7c7b80
R8 =0x000000001e28c700, R9 =0x000000001e28c2a0, R10=0x0000000000000000, R11=0x000000001d6fe260
R12=0x000000001d7c7e90, R13=0x000000001e28c5f0, R14=0x0000000000000005, R15=0x0000000000000205
RIP=0x0000000068e0a910, EFLAGS=0x0000000000010297

Top of Stack: (sp=0x000000001e28c230)
0x000000001e28c230:   0000000000000000 0000000000000000
0x000000001e28c240:   000000001e28c2a0 0000000068e409aa
0x000000001e28c250:   000000001d6fe648 0000000000000000
0x000000001e28c260:   00000000000003d8 000000001d6fe270
0x000000001e28c270:   000000001e28c380 0000000068e0c5b9
0x000000001e28c280:   0000000000001028 000000001e28c700
0x000000001e28c290:   000000001d6fe260 000000001e28c5f0
0x000000001e28c2a0:   0000000000000006 000000001d6fe260
0x000000001e28c2b0:   000000001d6fe260 000000001d6fe270
0x000000001e28c2c0:   000000001d6fe648 00000000000003d8
0x000000001e28c2d0:   0000000000000006 000000001d6e2780
0x000000001e28c2e0:   000000001d6e2780 000000001d6e2790
0x000000001e28c2f0:   000000001d6e2b68 00000000000003d8
0x000000001e28c300:   000000000000000c 000000001e28e9a0
0x000000001e28c310:   0000000000000000 000007fefd7a133c
0x000000001e28c320:   0000000000000001 0000000000000000 

Instructions: (pc=0x0000000068e0a910)
0x0000000068e0a8f0:   85 f6 74 67 33 f6 41 3b 5c 24 18 73 0b 49 8b 44
0x0000000068e0a900:   24 20 48 8b 3c 06 eb 02 33 ff 48 8b 07 48 8b cf
0x0000000068e0a910:   ff 90 80 00 00 00 8b 48 24 0b 48 20 0b 48 1c 0b
0x0000000068e0a920:   48 18 0b 48 14 0b 48 10 0b 48 0c 0b 48 08 0b 48 


Register to memory mapping:

RAX=0x000000002906a088 is an unknown value
RBX=0x0000000000000004 is an unknown value
RCX=0x000000001d7c7b80 is an unknown value
RDX=0x0000000000000000 is an unknown value
RSP=0x000000001e28c230 is pointing into the stack for thread: 0x000000001d73c800
RBP=0x00000000000003c6 is an unknown value
RSI=0x0000000000000020 is an unknown value
RDI=0x000000001d7c7b80 is an unknown value
R8 =0x000000001e28c700 is pointing into the stack for thread: 0x000000001d73c800
R9 =0x000000001e28c2a0 is pointing into the stack for thread: 0x000000001d73c800
R10=0x0000000000000000 is an unknown value
R11=0x000000001d6fe260 is an unknown value
R12=0x000000001d7c7e90 is an unknown value
R13=0x000000001e28c5f0 is pointing into the stack for thread: 0x000000001d73c800
R14=0x0000000000000005 is an unknown value
R15=0x0000000000000205 is an unknown value


Stack: [0x000000001e190000,0x000000001e290000],  sp=0x000000001e28c230,  free space=1008k
Native frames: (J=compiled Java code, j=interpreted, Vv=VM code, C=native code)
V  [jvm.dll+0x46a910]
V  [jvm.dll+0x46c5b9]
V  [jvm.dll+0x477e7b]
V  [jvm.dll+0x47a787]
V  [jvm.dll+0x45d002]
V  [jvm.dll+0xa6ca2]
V  [jvm.dll+0xa75ef]
V  [jvm.dll+0x24672f]
V  [jvm.dll+0x29fc6a]
C  [msvcr100.dll+0x21d9f]
C  [msvcr100.dll+0x21e3b]
C  [kernel32.dll+0x159cd]
C  [ntdll.dll+0x2a2e1]


Current CompileTask:
C2:   3932 1153       4       java.io.WinNTFileSystem::normalize (143 bytes)


---------------  P R O C E S S  ---------------

Java Threads: ( => current thread )
  0x000000001f867800 JavaThread "logback-2" daemon [_thread_blocked, id=6780, stack(0x0000000021f70000,0x0000000022070000)]
  0x000000001fc37000 JavaThread "background-preinit" [_thread_in_native, id=1088, stack(0x0000000020900000,0x0000000020a00000)]
  0x000000001d756000 JavaThread "Service Thread" daemon [_thread_blocked, id=3916, stack(0x000000001e550000,0x000000001e650000)]
  0x000000001d73d800 JavaThread "C1 CompilerThread2" daemon [_thread_blocked, id=6956, stack(0x000000001e320000,0x000000001e420000)]
=>0x000000001d73c800 JavaThread "C2 CompilerThread1" daemon [_thread_in_native, id=5512, stack(0x000000001e190000,0x000000001e290000)]
  0x000000001d6e5800 JavaThread "C2 CompilerThread0" daemon [_thread_blocked, id=4972, stack(0x000000001dfc0000,0x000000001e0c0000)]
  0x000000001d6e4000 JavaThread "Monitor Ctrl-Break" daemon [_thread_in_native, id=4068, stack(0x000000001dde0000,0x000000001dee0000)]
  0x000000001d6ac800 JavaThread "Attach Listener" daemon [_thread_blocked, id=4172, stack(0x000000001dc00000,0x000000001dd00000)]
  0x000000001c1f8800 JavaThread "Signal Dispatcher" daemon [_thread_blocked, id=6868, stack(0x000000001d150000,0x000000001d250000)]
  0x000000001c1e4800 JavaThread "Finalizer" daemon [_thread_blocked, id=7060, stack(0x000000001d5a0000,0x000000001d6a0000)]
  0x000000001c1dd800 JavaThread "Reference Handler" daemon [_thread_blocked, id=4984, stack(0x000000001d490000,0x000000001d590000)]
  0x00000000023dd000 JavaThread "main" [_thread_in_native, id=4120, stack(0x0000000002610000,0x0000000002710000)]

Other Threads:
  0x000000001c192000 VMThread [stack: 0x000000001d2c0000,0x000000001d3c0000] [id=5620]
  0x000000001d785800 WatcherThread [stack: 0x000000001e6a0000,0x000000001e7a0000] [id=3256]

VM state:not at safepoint (normal execution)

VM Mutex/Monitor currently owned by a thread: None

heap address: 0x00000006c0e00000, size: 4082 MB, Compressed Oops mode: Zero based, Oop shift amount: 3
Narrow klass base: 0x0000000000000000, Narrow klass shift: 3
Compressed class space size: 1073741824 Address: 0x00000007c0000000

Heap:
 PSYoungGen      total 76288K, used 41126K [0x000000076af80000, 0x0000000770480000, 0x00000007c0000000)
  eden space 65536K, 50% used [0x000000076af80000,0x000000076cff1b38,0x000000076ef80000)
  from space 10752K, 73% used [0x000000076ef80000,0x000000076f737ee8,0x000000076fa00000)
  to   space 10752K, 0% used [0x000000076fa00000,0x000000076fa00000,0x0000000770480000)
 ParOldGen       total 175104K, used 16K [0x00000006c0e00000, 0x00000006cb900000, 0x000000076af80000)
  object space 175104K, 0% used [0x00000006c0e00000,0x00000006c0e04000,0x00000006cb900000)
 Metaspace       used 17104K, capacity 17738K, committed 18048K, reserved 1064960K
  class space    used 2167K, capacity 2327K, committed 2432K, reserved 1048576K

Card table byte_map: [0x0000000011c00000,0x0000000012400000] byte_map_base: 0x000000000e5f9000

Marking Bits: (ParMarkBitMap*) 0x00000000691c5ce0
 Begin Bits: [0x0000000013070000, 0x0000000017038000)
 End Bits:   [0x0000000017038000, 0x000000001b000000)

Polling page: 0x00000000001c0000

CodeCache: size=245760Kb used=4747Kb max_used=4759Kb free=241012Kb
 bounds [0x0000000002840000, 0x0000000002cf0000, 0x0000000011840000]
 total_blobs=1737 nmethods=1361 adapters=288
 compilation: enabled

Compilation events (10 events):
Event: 3.415 Thread 0x000000001d73d800 1269       1       java.lang.invoke.InnerClassLambdaMetafactory::access$200 (5 bytes)
Event: 3.415 Thread 0x000000001d73d800 nmethod 1269 0x0000000002c86f50 code [0x0000000002c870a0, 0x0000000002c87190]
Event: 3.416 Thread 0x000000001d73d800 1271       3       org.springframework.boot.context.properties.source.SpringIterableConfigurationPropertySource::getPropertySource (8 bytes)
Event: 3.416 Thread 0x000000001d73d800 nmethod 1271 0x0000000002c878d0 code [0x0000000002c87a40, 0x0000000002c87c90]
Event: 3.416 Thread 0x000000001d73d800 1272       3       org.springframework.boot.context.properties.source.ConfigurationPropertyName::elementsEqual (40 bytes)
Event: 3.416 Thread 0x000000001d73d800 nmethod 1272 0x0000000002c98c10 code [0x0000000002c98d80, 0x0000000002c99068]
Event: 3.416 Thread 0x000000001d73d800 1273       3       java.util.ArrayDeque::isEmpty (17 bytes)
Event: 3.416 Thread 0x000000001d73d800 nmethod 1273 0x0000000002c87550 code [0x0000000002c876a0, 0x0000000002c87850]
Event: 3.417 Thread 0x000000001d73d800 1274       3       org.springframework.boot.context.properties.source.SpringConfigurationPropertySource$DelegatingPropertyMapper::merge (48 bytes)
Event: 3.417 Thread 0x000000001d73d800 nmethod 1274 0x0000000002c99190 code [0x0000000002c99340, 0x0000000002c998f8]

GC Heap History (2 events):
Event: 2.924 GC heap before
{Heap before GC invocations=1 (full 0):
 PSYoungGen      total 76288K, used 65536K [0x000000076af80000, 0x0000000770480000, 0x00000007c0000000)
  eden space 65536K, 100% used [0x000000076af80000,0x000000076ef80000,0x000000076ef80000)
  from space 10752K, 0% used [0x000000076fa00000,0x000000076fa00000,0x0000000770480000)
  to   space 10752K, 0% used [0x000000076ef80000,0x000000076ef80000,0x000000076fa00000)
 ParOldGen       total 175104K, used 0K [0x00000006c0e00000, 0x00000006cb900000, 0x000000076af80000)
  object space 175104K, 0% used [0x00000006c0e00000,0x00000006c0e00000,0x00000006cb900000)
 Metaspace       used 13715K, capacity 14072K, committed 14208K, reserved 1060864K
  class space    used 1688K, capacity 1796K, committed 1920K, reserved 1048576K
Event: 2.951 GC heap after
Heap after GC invocations=1 (full 0):
 PSYoungGen      total 76288K, used 7903K [0x000000076af80000, 0x0000000770480000, 0x00000007c0000000)
  eden space 65536K, 0% used [0x000000076af80000,0x000000076af80000,0x000000076ef80000)
  from space 10752K, 73% used [0x000000076ef80000,0x000000076f737ee8,0x000000076fa00000)
  to   space 10752K, 0% used [0x000000076fa00000,0x000000076fa00000,0x0000000770480000)
 ParOldGen       total 175104K, used 16K [0x00000006c0e00000, 0x00000006cb900000, 0x000000076af80000)
  object space 175104K, 0% used [0x00000006c0e00000,0x00000006c0e04000,0x00000006cb900000)
 Metaspace       used 13715K, capacity 14072K, committed 14208K, reserved 1060864K
  class space    used 1688K, capacity 1796K, committed 1920K, reserved 1048576K
}

Deoptimization events (10 events):
Event: 1.580 Thread 0x00000000023dd000 Uncommon trap: reason=unstable_if action=reinterpret pc=0x0000000002a0b364 method=sun.misc.MetaIndex.mayContain(Ljava/lang/String;)Z @ 38
Event: 1.580 Thread 0x00000000023dd000 Uncommon trap: reason=unstable_if action=reinterpret pc=0x00000000029ff574 method=sun.misc.MetaIndex.mayContain(Ljava/lang/String;)Z @ 38
Event: 2.312 Thread 0x00000000023dd000 Uncommon trap: reason=class_check action=maybe_recompile pc=0x0000000002a3ccf4 method=java.lang.String.equals(Ljava/lang/Object;)Z @ 8
Event: 2.312 Thread 0x00000000023dd000 Uncommon trap: reason=class_check action=maybe_recompile pc=0x0000000002a3ccf4 method=java.lang.String.equals(Ljava/lang/Object;)Z @ 8
Event: 2.316 Thread 0x00000000023dd000 Uncommon trap: reason=class_check action=maybe_recompile pc=0x0000000002a3ccf4 method=java.lang.String.equals(Ljava/lang/Object;)Z @ 8
Event: 2.316 Thread 0x00000000023dd000 Uncommon trap: reason=class_check action=maybe_recompile pc=0x0000000002a3ccf4 method=java.lang.String.equals(Ljava/lang/Object;)Z @ 8
Event: 2.468 Thread 0x00000000023dd000 Uncommon trap: reason=unstable_if action=reinterpret pc=0x0000000002a91b38 method=java.io.WinNTFileSystem.normalize(Ljava/lang/String;)Ljava/lang/String; @ 128
Event: 2.597 Thread 0x00000000023dd000 Uncommon trap: reason=range_check action=make_not_entrant pc=0x0000000002b21228 method=sun.reflect.generics.parser.SignatureParser.current()C @ 34
Event: 3.022 Thread 0x00000000023dd000 Uncommon trap: reason=unstable_if action=reinterpret pc=0x0000000002b61a70 method=java.util.HashMap.putVal(ILjava/lang/Object;Ljava/lang/Object;ZZ)Ljava/lang/Object; @ 236
Event: 3.034 Thread 0x00000000023dd000 Uncommon trap: reason=unstable_if action=reinterpret pc=0x00000000029cb330 method=java.lang.String.indexOf([CII[CIII)I @ 3

Classes redefined (0 events):
No events

Internal exceptions (10 events):
Event: 0.629 Thread 0x00000000023dd000 Exception <a 'java/io/FileNotFoundException'> (0x000000076bad0cd8) thrown at [C:\re\workspace\8-2-build-windows-amd64-cygwin\jdk8u202\12323\hotspot\src\share\vm\prims\jni.cpp, line 710]
Event: 1.971 Thread 0x00000000023dd000 Exception <a 'java/lang/NoSuchFieldError': method resolution failed> (0x000000076c7b5538) thrown at [C:\re\workspace\8-2-build-windows-amd64-cygwin\jdk8u202\12323\hotspot\src\share\vm\prims\methodHandles.cpp, line 1167]
Event: 1.974 Thread 0x00000000023dd000 Exception <a 'java/lang/NoSuchFieldError': method resolution failed> (0x000000076c7c34c8) thrown at [C:\re\workspace\8-2-build-windows-amd64-cygwin\jdk8u202\12323\hotspot\src\share\vm\prims\methodHandles.cpp, line 1167]
Event: 2.304 Thread 0x00000000023dd000 Exception <a 'java/lang/NoSuchMethodError': java.lang.Object.lambda$comparingInt$7b0bb60$1(Ljava/util/function/ToIntFunction;Ljava/lang/Object;Ljava/lang/Object;)I> (0x000000076cfa66d0) thrown at [C:\re\workspace\8-2-build-windows-amd64-cygwin\jdk8u202\12
Event: 2.470 Thread 0x00000000023dd000 Exception <a 'java/lang/NoSuchMethodError': java.lang.Object.lambda$comparing$77a9974f$1(Ljava/util/function/Function;Ljava/lang/Object;Ljava/lang/Object;)I> (0x000000076d8fe408) thrown at [C:\re\workspace\8-2-build-windows-amd64-cygwin\jdk8u202\12323\hot
Event: 2.586 Thread 0x00000000023dd000 Exception <a 'java/lang/NoSuchMethodError': java.lang.Object.lambda$static$0(Ljava/lang/Object;)Ljava/lang/Object;> (0x000000076de93ca0) thrown at [C:\re\workspace\8-2-build-windows-amd64-cygwin\jdk8u202\12323\hotspot\src\share\vm\interpreter\linkResolver
Event: 2.598 Thread 0x00000000023dd000 Exception <a 'java/lang/ArrayIndexOutOfBoundsException': 18> (0x000000076df82968) thrown at [C:\re\workspace\8-2-build-windows-amd64-cygwin\jdk8u202\12323\hotspot\src\share\vm\interpreter\interpreterRuntime.cpp, line 368]
Event: 2.598 Thread 0x00000000023dd000 Exception <a 'java/lang/ArrayIndexOutOfBoundsException': 182> (0x000000076df84ed0) thrown at [C:\re\workspace\8-2-build-windows-amd64-cygwin\jdk8u202\12323\hotspot\src\share\vm\interpreter\interpreterRuntime.cpp, line 368]
Event: 2.598 Thread 0x00000000023dd000 Exception <a 'java/lang/ArrayIndexOutOfBoundsException': 60> (0x000000076df87268) thrown at [C:\re\workspace\8-2-build-windows-amd64-cygwin\jdk8u202\12323\hotspot\src\share\vm\interpreter\interpreterRuntime.cpp, line 368]
Event: 3.102 Thread 0x00000000023dd000 Exception <a 'java/lang/NoSuchMethodError': java.lang.Object.lambda$chars$0()Ljava/util/Spliterator$OfInt;> (0x000000076b4d3f40) thrown at [C:\re\workspace\8-2-build-windows-amd64-cygwin\jdk8u202\12323\hotspot\src\share\vm\interpreter\linkResolver.cpp, li

Events (10 events):
Event: 3.446 loading class org/hibernate/validator/internal/util/logging/Log_$logger_zh
Event: 3.446 loading class org/hibernate/validator/internal/util/logging/Log_$logger_zh done
Event: 3.446 loading class sun/reflect/annotation/TypeAnnotationParser
Event: 3.451 loading class java/net/Inet4AddressImpl
Event: 3.459 loading class java/net/Inet4AddressImpl done
Event: 3.459 loading class sun/reflect/annotation/TypeAnnotationParser done
Event: 3.459 loading class sun/net/InetAddressCachePolicy
Event: 3.459 loading class sun/reflect/annotation/TypeAnnotation
Event: 3.459 loading class sun/net/InetAddressCachePolicy done
Event: 3.459 loading class sun/net/InetAddressCachePolicy$1


Dynamic libraries:
0x000000013f9b0000 - 0x000000013f9e7000 	D:\JavaSE-1.8\jdk1.8.0_202\bin\java.exe
0x0000000077730000 - 0x00000000778da000 	C:\Windows\SYSTEM32\ntdll.dll
0x0000000077610000 - 0x000000007772f000 	C:\Windows\system32\kernel32.dll
0x000007fefd7a0000 - 0x000007fefd80a000 	C:\Windows\system32\KERNELBASE.dll
0x000007fefe670000 - 0x000007fefe74b000 	C:\Windows\system32\ADVAPI32.dll
0x000007fefe350000 - 0x000007fefe3ef000 	C:\Windows\system32\msvcrt.dll
0x000007fefe650000 - 0x000007fefe66f000 	C:\Windows\SYSTEM32\sechost.dll
0x000007fefe1f0000 - 0x000007fefe31d000 	C:\Windows\system32\RPCRT4.dll
0x0000000077510000 - 0x000000007760a000 	C:\Windows\system32\USER32.dll
0x000007fefe070000 - 0x000007fefe0d7000 	C:\Windows\system32\GDI32.dll
0x000007fefdd80000 - 0x000007fefdd8e000 	C:\Windows\system32\LPK.dll
0x000007fefd940000 - 0x000007fefda0a000 	C:\Windows\system32\USP10.dll
0x000007fefba00000 - 0x000007fefbbf4000 	C:\Windows\WinSxS\amd64_microsoft.windows.common-controls_6595b64144ccf1df_6.0.7601.18837_none_fa3b1e3d17594757\COMCTL32.dll
0x000007feff8b0000 - 0x000007feff921000 	C:\Windows\system32\SHLWAPI.dll
0x000007fefe320000 - 0x000007fefe34e000 	C:\Windows\system32\IMM32.DLL
0x000007fefe0e0000 - 0x000007fefe1e9000 	C:\Windows\system32\MSCTF.dll
0x0000000069250000 - 0x0000000069322000 	D:\JavaSE-1.8\jdk1.8.0_202\jre\bin\msvcr100.dll
0x00000000689a0000 - 0x0000000069245000 	D:\JavaSE-1.8\jdk1.8.0_202\jre\bin\server\jvm.dll
0x000007fefa4e0000 - 0x000007fefa4e9000 	C:\Windows\system32\WSOCK32.dll
0x000007fefe600000 - 0x000007fefe64d000 	C:\Windows\system32\WS2_32.dll
0x000007feff930000 - 0x000007feff938000 	C:\Windows\system32\NSI.dll
0x000007fefaf60000 - 0x000007fefaf9b000 	C:\Windows\system32\WINMM.dll
0x000007fefca70000 - 0x000007fefca7c000 	C:\Windows\system32\VERSION.dll
0x00000000778f0000 - 0x00000000778f7000 	C:\Windows\system32\PSAPI.DLL
0x000007fefa5c0000 - 0x000007fefa5cf000 	D:\JavaSE-1.8\jdk1.8.0_202\jre\bin\verify.dll
0x000007fefa590000 - 0x000007fefa5b9000 	D:\JavaSE-1.8\jdk1.8.0_202\jre\bin\java.dll
0x000007feda8f0000 - 0x000007feda913000 	D:\JavaSE-1.8\jdk1.8.0_202\jre\bin\instrument.dll
0x000007fef9d80000 - 0x000007fef9d96000 	D:\JavaSE-1.8\jdk1.8.0_202\jre\bin\zip.dll
0x000007fefe930000 - 0x000007feff6ba000 	C:\Windows\system32\SHELL32.dll
0x000007fefe3f0000 - 0x000007fefe5f3000 	C:\Windows\system32\ole32.dll
0x000007fefd470000 - 0x000007fefd47f000 	C:\Windows\system32\profapi.dll
0x000007feda8d0000 - 0x000007feda8ea000 	D:\JetBrains\IntelliJIdea\bin\breakgen64.dll
0x000007fef9d60000 - 0x000007fef9d7a000 	D:\JavaSE-1.8\jdk1.8.0_202\jre\bin\net.dll
0x000007feff720000 - 0x000007feff8a4000 	C:\Windows\system32\urlmon.dll
0x000007fefd790000 - 0x000007fefd794000 	C:\Windows\system32\api-ms-win-downlevel-ole32-l1-1-0.dll
0x000007fefd480000 - 0x000007fefd484000 	C:\Windows\system32\api-ms-win-downlevel-shlwapi-l1-1-0.dll
0x000007fefd740000 - 0x000007fefd745000 	C:\Windows\system32\api-ms-win-downlevel-advapi32-l1-1-0.dll
0x000007fefd780000 - 0x000007fefd784000 	C:\Windows\system32\api-ms-win-downlevel-user32-l1-1-0.dll
0x000007fefd810000 - 0x000007fefd814000 	C:\Windows\system32\api-ms-win-downlevel-version-l1-1-0.dll
0x000007fefd770000 - 0x000007fefd773000 	C:\Windows\system32\api-ms-win-downlevel-normaliz-l1-1-0.dll
0x0000000077900000 - 0x0000000077903000 	C:\Windows\system32\normaliz.DLL
0x000007fefda10000 - 0x000007fefdcd9000 	C:\Windows\system32\iertutil.dll
0x000007fefdd90000 - 0x000007fefe062000 	C:\Windows\system32\WININET.dll
0x000007fefd490000 - 0x000007fefd4ae000 	C:\Windows\system32\USERENV.dll
0x000007fefc580000 - 0x000007fefc5a0000 	C:\Windows\system32\PrxerDrv.dll
0x000007fefc570000 - 0x000007fefc573000 	C:\Windows\system32\api-ms-win-core-synch-l1-2-0.DLL
0x000007fefcce0000 - 0x000007fefcd35000 	C:\Windows\system32\mswsock.dll
0x000007fefccd0000 - 0x000007fefccd7000 	C:\Windows\System32\wship6.dll
0x000007fef9ba0000 - 0x000007fef9bb2000 	D:\JavaSE-1.8\jdk1.8.0_202\jre\bin\nio.dll
0x000007fedad20000 - 0x000007fedad2d000 	D:\JavaSE-1.8\jdk1.8.0_202\jre\bin\management.dll
0x000007fefb160000 - 0x000007fefb175000 	C:\Windows\system32\NLAapi.dll
0x000007feeef20000 - 0x000007feeef35000 	C:\Windows\system32\napinsp.dll
0x000007feef2b0000 - 0x000007feef2c9000 	C:\Windows\system32\pnrpnsp.dll
0x000007feefb60000 - 0x000007feefb6b000 	C:\Windows\System32\winrnr.dll
0x000007fef85d0000 - 0x000007fef85eb000 	C:\Windows\system32\PrxerNsp.dll
0x000007fefcb60000 - 0x000007fefcbbb000 	C:\Windows\system32\DNSAPI.dll
0x000007fefc550000 - 0x000007fefc557000 	C:\Windows\System32\wshtcpip.dll
0x000007fefb000000 - 0x000007fefb027000 	C:\Windows\system32\IPHLPAPI.DLL
0x000007fefaff0000 - 0x000007fefaffb000 	C:\Windows\system32\WINNSI.DLL
0x000007fef85c0000 - 0x000007fef85c8000 	C:\Windows\system32\rasadhlp.dll
0x000007fefac30000 - 0x000007fefac83000 	C:\Windows\System32\fwpuclnt.dll
0x000007fee6520000 - 0x000007fee6645000 	C:\Windows\system32\dbghelp.dll

VM Arguments:
jvm_args: -ea -Didea.test.cyclic.buffer.size=1048576 -javaagent:D:\JetBrains\IntelliJIdea\lib\idea_rt.jar=51530:D:\JetBrains\IntelliJIdea\bin -Dfile.encoding=UTF-8 
java_command: com.intellij.rt.junit.JUnitStarter -ideVersion5 -junit4 com.xh.mq.test.SpringbootMQApplicationTest
java_class_path (initial): D:\JetBrains\IntelliJIdea\lib\idea_rt.jar;D:\JetBrains\IntelliJIdea\plugins\junit\lib\junit5-rt.jar;D:\JetBrains\IntelliJIdea\plugins\junit\lib\junit-rt.jar;D:\JavaSE-1.8\jdk1.8.0_202\jre\lib\charsets.jar;D:\JavaSE-1.8\jdk1.8.0_202\jre\lib\deploy.jar;D:\JavaSE-1.8\jdk1.8.0_202\jre\lib\ext\access-bridge-64.jar;D:\JavaSE-1.8\jdk1.8.0_202\jre\lib\ext\cldrdata.jar;D:\JavaSE-1.8\jdk1.8.0_202\jre\lib\ext\dnsns.jar;D:\JavaSE-1.8\jdk1.8.0_202\jre\lib\ext\jaccess.jar;D:\JavaSE-1.8\jdk1.8.0_202\jre\lib\ext\jfxrt.jar;D:\JavaSE-1.8\jdk1.8.0_202\jre\lib\ext\localedata.jar;D:\JavaSE-1.8\jdk1.8.0_202\jre\lib\ext\nashorn.jar;D:\JavaSE-1.8\jdk1.8.0_202\jre\lib\ext\sunec.jar;D:\JavaSE-1.8\jdk1.8.0_202\jre\lib\ext\sunjce_provider.jar;D:\JavaSE-1.8\jdk1.8.0_202\jre\lib\ext\sunmscapi.jar;D:\JavaSE-1.8\jdk1.8.0_202\jre\lib\ext\sunpkcs11.jar;D:\JavaSE-1.8\jdk1.8.0_202\jre\lib\ext\zipfs.jar;D:\JavaSE-1.8\jdk1.8.0_202\jre\lib\javaws.jar;D:\JavaSE-1.8\jdk1.8.0_202\jre\lib\jce.jar;D:\JavaSE-1.8\jdk1.8.0_202\jre\lib\jfr.jar;D:\JavaSE-1.8\jdk1.8.0_202\jre\lib\jfxswt.jar;D:\JavaSE-1.8\jdk1.8.0_202\jre\lib\jsse.jar;D:\JavaSE-1.8\jdk1.8.0_202\jre\lib\management-agent.jar;D:\JavaSE-1.8\jdk1.8.0_202\jre\lib\plugin.jar;D:\JavaSE-1.8\jdk1.8.0_202\jre\lib\resources.jar;D:\JavaSE-1.8\jdk1.8.0_202\jre\lib\rt.jar;D:\JetBrains\Workspace\JavaWorkspace\practice\springboot-rabbitmq-demo-01\target\test-classes;D:\JetBrains\Workspace\JavaWorkspace\practice\springboot-rabbitmq-demo-01\target\classes;I:\MavenRepository\WorkRepository\repository\org\apache\commons\commons-lang3\3.9\commons-lang3-3.9.jar;I:\MavenRepository\WorkRepository\repository\commons-io\commons-io\2.6\commons-io-2.6.jar;I:\MavenRepository\WorkRepository\repository\junit\junit\4.12\junit-4.12.jar;I:\MavenRepository\WorkRepository\repository\org\hamcrest\hamcrest-core\1.3\hamcrest-core-1.3.jar;I:\MavenRepository\WorkRepository\repository\org\springframework\boot\spring-boot-starter\2.2.7.RELEASE\spring-boot-starter-
Launcher Type: SUN_STANDARD

Environment Variables:
JAVA_HOME=D:\JavaSE-1.8\jdk1.8.0_202
CLASSPATH= .;D:\JavaSE-1.8\jdk1.8.0_202\lib;D:\JavaSE-1.8\jdk1.8.0_202\lib\tools.jar
PATH=C:\Program Files (x86)\AMD APP\bin\x86_64;C:\Program Files (x86)\AMD APP\bin\x86;C:\Program Files (x86)\Intel\iCLS Client\;C:\Program Files\Intel\iCLS Client\;C:\Windows\system32;C:\Windows;C:\Windows\System32\Wbem;C:\Windows\System32\WindowsPowerShell\v1.0\;C:\Program Files (x86)\ATI Technologies\ATI.ACE\Core-Static;D:\JavaSE-1.8\jdk1.8.0_202\bin;D:\JavaSE-1.8\jdk1.8.0_202\jre\bin;D:\Python\Python3.8;D:\Python\Python3.8\Scripts;D:\Python\Mitmproxy;;D:\Apache\Maven\apache-maven-3.6.0\bin;D:\Tortoise\Git\cmd;D:\Tortoise\TortoiseGit\bin;D:\Tortoise\TortoiseSVN\bin;
USERNAME=Administrator
OS=Windows_NT
PROCESSOR_IDENTIFIER=Intel64 Family 6 Model 42 Stepping 7, GenuineIntel



---------------  S Y S T E M  ---------------

OS: Windows 7 , 64 bit Build 7601 (6.1.7601.23543)

CPU:total 4 (initial active 4) (2 cores per cpu, 2 threads per core) family 6 model 42 stepping 7, cmov, cx8, fxsr, mmx, sse, sse2, sse3, ssse3, sse4.1, sse4.2, popcnt, avx, aes, clmul, ht, tsc, tscinvbit

Memory: 4k page, physical 16719728k(9472232k free), swap 16717868k(8081172k free)

vm_info: Java HotSpot(TM) 64-Bit Server VM (25.202-b08) for windows-amd64 JRE (1.8.0_202-b08), built on Dec 15 2018 19:54:30 by "java_re" with MS VC++ 10.0 (VS2010)

time: Wed Jun 24 10:54:23 2020
timezone: 中国标准时间
elapsed time: 4 seconds (0d 0h 0m 4s)

